<?xml version="1.0" encoding="UTF-8"?>
<!-- Generated by org.testng.reporters.JUnitReportReporter -->
<testsuite hostname="LAPTOP-KLN5B24I" failures="0" tests="1" name="script.TeseCase01" time="48.721" errors="0" timestamp="2022-04-11T16:08:12 IST" skipped="0">
  <testcase classname="script.TeseCase01" name="LoginScript" time="48.721"/>
  <system-out/>
</testsuite> <!-- script.TeseCase01 -->
